# Logfile created on 2013-12-30 15:41:30 -0800 by logger.rb/31641
I, [2013-12-30T15:41:30.547212 #59165]  INFO -- : 0:  i18n (0.6.9) from /Users/winnie/.rbenv/versions/1.9.3-p194/lib/ruby/gems/1.9.1/specifications/i18n-0.6.9.gemspec
I, [2013-12-30T15:41:30.547966 #59165]  INFO -- : 0:  multi_json (1.8.2) from /Users/winnie/.rbenv/versions/1.9.3-p194/lib/ruby/gems/1.9.1/specifications/multi_json-1.8.2.gemspec
I, [2013-12-30T15:41:30.548441 #59165]  INFO -- : 0:  activesupport (3.2.16) from /Users/winnie/.rbenv/versions/1.9.3-p194/lib/ruby/gems/1.9.1/specifications/activesupport-3.2.16.gemspec
I, [2013-12-30T15:41:30.548821 #59165]  INFO -- : 0:  bundler (1.5.1) from /Users/winnie/.rbenv/versions/1.9.3-p194/lib/ruby/gems/1.9.1/specifications/bundler-1.5.1.gemspec
I, [2013-12-30T15:41:30.549444 #59165]  INFO -- : 0:  chunky_png (1.2.9) from /Users/winnie/.rbenv/versions/1.9.3-p194/lib/ruby/gems/1.9.1/specifications/chunky_png-1.2.9.gemspec
I, [2013-12-30T15:41:30.550003 #59165]  INFO -- : 0:  coffee-script-source (1.6.3) from /Users/winnie/.rbenv/versions/1.9.3-p194/lib/ruby/gems/1.9.1/specifications/coffee-script-source-1.6.3.gemspec
I, [2013-12-30T15:41:30.550495 #59165]  INFO -- : 0:  execjs (1.4.0) from /Users/winnie/.rbenv/versions/1.9.3-p194/lib/ruby/gems/1.9.1/specifications/execjs-1.4.0.gemspec
I, [2013-12-30T15:41:30.551131 #59165]  INFO -- : 0:  coffee-script (2.2.0) from /Users/winnie/.rbenv/versions/1.9.3-p194/lib/ruby/gems/1.9.1/specifications/coffee-script-2.2.0.gemspec
I, [2013-12-30T15:41:30.551748 #59165]  INFO -- : 0:  fssm (0.2.10) from /Users/winnie/.rbenv/versions/1.9.3-p194/lib/ruby/gems/1.9.1/specifications/fssm-0.2.10.gemspec
I, [2013-12-30T15:41:30.552305 #59165]  INFO -- : 0:  sass (3.2.13) from /Users/winnie/.rbenv/versions/1.9.3-p194/lib/ruby/gems/1.9.1/specifications/sass-3.2.13.gemspec
I, [2013-12-30T15:41:30.552897 #59165]  INFO -- : 0:  compass (0.12.2) from /Users/winnie/.rbenv/versions/1.9.3-p194/lib/ruby/gems/1.9.1/specifications/compass-0.12.2.gemspec
I, [2013-12-30T15:41:30.553293 #59165]  INFO -- : 0:  eventmachine (1.0.3) from /Users/winnie/.rbenv/versions/1.9.3-p194/lib/ruby/gems/1.9.1/specifications/eventmachine-1.0.3.gemspec
I, [2013-12-30T15:41:30.553764 #59165]  INFO -- : 0:  http_parser.rb (0.5.3) from /Users/winnie/.rbenv/versions/1.9.3-p194/lib/ruby/gems/1.9.1/specifications/http_parser.rb-0.5.3.gemspec
I, [2013-12-30T15:41:30.554165 #59165]  INFO -- : 0:  em-websocket (0.5.0) from /Users/winnie/.rbenv/versions/1.9.3-p194/lib/ruby/gems/1.9.1/specifications/em-websocket-0.5.0.gemspec
I, [2013-12-30T15:41:30.554527 #59165]  INFO -- : 0:  ffi (1.9.3) from /Users/winnie/.rbenv/versions/1.9.3-p194/lib/ruby/gems/1.9.1/specifications/ffi-1.9.3.gemspec
I, [2013-12-30T15:41:30.554909 #59165]  INFO -- : 0:  tilt (1.4.1) from /Users/winnie/.rbenv/versions/1.9.3-p194/lib/ruby/gems/1.9.1/specifications/tilt-1.4.1.gemspec
I, [2013-12-30T15:41:30.555299 #59165]  INFO -- : 0:  haml (4.0.4) from /Users/winnie/.rbenv/versions/1.9.3-p194/lib/ruby/gems/1.9.1/specifications/haml-4.0.4.gemspec
I, [2013-12-30T15:41:30.555645 #59165]  INFO -- : 0:  hike (1.2.3) from /Users/winnie/.rbenv/versions/1.9.3-p194/lib/ruby/gems/1.9.1/specifications/hike-1.2.3.gemspec
I, [2013-12-30T15:41:30.556022 #59165]  INFO -- : 0:  kramdown (1.3.0) from /Users/winnie/.rbenv/versions/1.9.3-p194/lib/ruby/gems/1.9.1/specifications/kramdown-1.3.0.gemspec
I, [2013-12-30T15:41:30.556431 #59165]  INFO -- : 0:  rb-fsevent (0.9.4) from /Users/winnie/.rbenv/versions/1.9.3-p194/lib/ruby/gems/1.9.1/specifications/rb-fsevent-0.9.4.gemspec
I, [2013-12-30T15:41:30.556776 #59165]  INFO -- : 0:  rb-inotify (0.9.3) from /Users/winnie/.rbenv/versions/1.9.3-p194/lib/ruby/gems/1.9.1/specifications/rb-inotify-0.9.3.gemspec
I, [2013-12-30T15:41:30.557216 #59165]  INFO -- : 0:  rb-kqueue (0.2.0) from /Users/winnie/.rbenv/versions/1.9.3-p194/lib/ruby/gems/1.9.1/specifications/rb-kqueue-0.2.0.gemspec
I, [2013-12-30T15:41:30.557757 #59165]  INFO -- : 0:  listen (1.3.1) from /Users/winnie/.rbenv/versions/1.9.3-p194/lib/ruby/gems/1.9.1/specifications/listen-1.3.1.gemspec
I, [2013-12-30T15:41:30.558330 #59165]  INFO -- : 0:  rack (1.5.2) from /Users/winnie/.rbenv/versions/1.9.3-p194/lib/ruby/gems/1.9.1/specifications/rack-1.5.2.gemspec
I, [2013-12-30T15:41:30.558980 #59165]  INFO -- : 0:  rack-test (0.6.2) from /Users/winnie/.rbenv/versions/1.9.3-p194/lib/ruby/gems/1.9.1/specifications/rack-test-0.6.2.gemspec
I, [2013-12-30T15:41:30.559572 #59165]  INFO -- : 0:  thor (0.18.1) from /Users/winnie/.rbenv/versions/1.9.3-p194/lib/ruby/gems/1.9.1/specifications/thor-0.18.1.gemspec
I, [2013-12-30T15:41:30.560094 #59165]  INFO -- : 0:  middleman-core (3.2.1) from /Users/winnie/.rbenv/versions/1.9.3-p194/lib/ruby/gems/1.9.1/specifications/middleman-core-3.2.1.gemspec
I, [2013-12-30T15:41:30.560659 #59165]  INFO -- : 0:  sprockets (2.10.1) from /Users/winnie/.rbenv/versions/1.9.3-p194/lib/ruby/gems/1.9.1/specifications/sprockets-2.10.1.gemspec
I, [2013-12-30T15:41:30.561298 #59165]  INFO -- : 0:  sprockets-helpers (1.0.1) from /Users/winnie/.rbenv/versions/1.9.3-p194/lib/ruby/gems/1.9.1/specifications/sprockets-helpers-1.0.1.gemspec
I, [2013-12-30T15:41:30.561890 #59165]  INFO -- : 0:  sprockets-sass (1.0.2) from /Users/winnie/.rbenv/versions/1.9.3-p194/lib/ruby/gems/1.9.1/specifications/sprockets-sass-1.0.2.gemspec
I, [2013-12-30T15:41:30.562482 #59165]  INFO -- : 0:  middleman-sprockets (3.2.0) from /Users/winnie/.rbenv/versions/1.9.3-p194/lib/ruby/gems/1.9.1/specifications/middleman-sprockets-3.2.0.gemspec
I, [2013-12-30T15:41:30.563065 #59165]  INFO -- : 0:  uglifier (2.1.2) from /Users/winnie/.rbenv/versions/1.9.3-p194/lib/ruby/gems/1.9.1/specifications/uglifier-2.1.2.gemspec
I, [2013-12-30T15:41:30.563665 #59165]  INFO -- : 0:  middleman (3.2.1) from /Users/winnie/.rbenv/versions/1.9.3-p194/lib/ruby/gems/1.9.1/specifications/middleman-3.2.1.gemspec
I, [2013-12-30T15:41:30.564324 #59165]  INFO -- : 0:  rack-livereload (0.3.15) from /Users/winnie/.rbenv/versions/1.9.3-p194/lib/ruby/gems/1.9.1/specifications/rack-livereload-0.3.15.gemspec
I, [2013-12-30T15:41:30.564968 #59165]  INFO -- : 0:  middleman-livereload (3.1.0) from /Users/winnie/.rbenv/versions/1.9.3-p194/lib/ruby/gems/1.9.1/specifications/middleman-livereload-3.1.0.gemspec
